app/build/intermediates/manifest_merge_blame_file/debug/manifest-merger-blame-debug-report.txt
1<?xml version="1.0" encoding="utf-8"?>
2<manifest xmlns:android="http://schemas.android.com/apk/res/android"
3    package="com.planet.iplcricbat"
4    android:versionCode="1"
5    android:versionName="1.0" >
6
7    <uses-sdk
8        android:minSdkVersion="21"
8-->src\main\AndroidManifest.xml
9        android:targetSdkVersion="31" />
9-->src\main\AndroidManifest.xml
10
11    <uses-permission android:name="android.permission.INTERNET" />
11-->src\main\AndroidManifest.xml:5:5-67
11-->src\main\AndroidManifest.xml:5:22-64
12    <uses-permission android:name="android.permission.READ_EXTERNAL_STORAGE" />
12-->src\main\AndroidManifest.xml:6:5-80
12-->src\main\AndroidManifest.xml:6:22-77
13    <uses-permission android:name="android.permission.CAMERA" />
13-->src\main\AndroidManifest.xml:7:5-65
13-->src\main\AndroidManifest.xml:7:22-62
14
15    <uses-feature android:name="android.hardware.camera" />
15-->src\main\AndroidManifest.xml:9:5-60
15-->src\main\AndroidManifest.xml:9:19-57
16    <uses-feature android:name="android.hardware.camera.autofocus" />
16-->src\main\AndroidManifest.xml:10:5-70
16-->src\main\AndroidManifest.xml:10:19-67
17
18    <queries>
18-->[com.razorpay:checkout:1.6.19] AndroidManifest.xml:11:5-37:15
19        <intent>
19-->[com.razorpay:checkout:1.6.19] AndroidManifest.xml:12:9-18:18
20            <action android:name="android.intent.action.VIEW" />
20-->[com.razorpay:checkout:1.6.19] AndroidManifest.xml:13:13-65
20-->[com.razorpay:checkout:1.6.19] AndroidManifest.xml:13:21-62
21
22            <data
22-->[com.razorpay:checkout:1.6.19] AndroidManifest.xml:15:13-17:38
23                android:mimeType="*/*"
23-->[com.razorpay:checkout:1.6.19] AndroidManifest.xml:16:17-39
24                android:scheme="*" />
24-->[com.razorpay:checkout:1.6.19] AndroidManifest.xml:17:17-35
25        </intent>
26        <intent>
26-->[com.razorpay:checkout:1.6.19] AndroidManifest.xml:19:9-28:18
27            <action android:name="android.intent.action.VIEW" />
27-->[com.razorpay:checkout:1.6.19] AndroidManifest.xml:13:13-65
27-->[com.razorpay:checkout:1.6.19] AndroidManifest.xml:13:21-62
28
29            <category android:name="android.intent.category.BROWSABLE" />
29-->[com.razorpay:checkout:1.6.19] AndroidManifest.xml:22:13-74
29-->[com.razorpay:checkout:1.6.19] AndroidManifest.xml:22:23-71
30
31            <data
31-->[com.razorpay:checkout:1.6.19] AndroidManifest.xml:15:13-17:38
32                android:host="pay"
33                android:mimeType="*/*"
33-->[com.razorpay:checkout:1.6.19] AndroidManifest.xml:16:17-39
34                android:scheme="upi" />
34-->[com.razorpay:checkout:1.6.19] AndroidManifest.xml:17:17-35
35        </intent>
36        <intent>
36-->[com.razorpay:checkout:1.6.19] AndroidManifest.xml:29:9-31:18
37            <action android:name="android.intent.action.MAIN" />
37-->src\main\AndroidManifest.xml:55:17-69
37-->src\main\AndroidManifest.xml:55:25-66
38        </intent>
39        <intent>
39-->[com.razorpay:checkout:1.6.19] AndroidManifest.xml:32:9-36:18
40            <action android:name="android.intent.action.SEND" />
40-->[com.razorpay:checkout:1.6.19] AndroidManifest.xml:33:13-65
40-->[com.razorpay:checkout:1.6.19] AndroidManifest.xml:33:21-62
41
42            <data android:mimeType="*/*" />
42-->[com.razorpay:checkout:1.6.19] AndroidManifest.xml:15:13-17:38
42-->[com.razorpay:checkout:1.6.19] AndroidManifest.xml:16:17-39
43        </intent>
44    </queries> <!-- Include required permissions for Google Maps API to run. -->
45    <uses-permission android:name="android.permission.ACCESS_NETWORK_STATE" />
45-->[com.google.android.gms:play-services-maps:17.0.0] AndroidManifest.xml:23:5-79
45-->[com.google.android.gms:play-services-maps:17.0.0] AndroidManifest.xml:23:22-76
46
47    <uses-feature
47-->[com.google.android.gms:play-services-maps:17.0.0] AndroidManifest.xml:26:5-28:35
48        android:glEsVersion="0x00020000"
48-->[com.google.android.gms:play-services-maps:17.0.0] AndroidManifest.xml:27:9-41
49        android:required="true" />
49-->[com.google.android.gms:play-services-maps:17.0.0] AndroidManifest.xml:28:9-32
50
51    <application
51-->src\main\AndroidManifest.xml:13:5-64:19
52        android:allowBackup="true"
52-->src\main\AndroidManifest.xml:14:9-35
53        android:appComponentFactory="androidx.core.app.CoreComponentFactory"
53-->[androidx.core:core:1.7.0] AndroidManifest.xml:24:18-86
54        android:debuggable="true"
55        android:icon="@mipmap/ic_launcher"
55-->src\main\AndroidManifest.xml:15:9-43
56        android:label="@string/app_name"
56-->src\main\AndroidManifest.xml:16:9-41
57        android:roundIcon="@mipmap/ic_launcher_round"
57-->src\main\AndroidManifest.xml:17:9-54
58        android:supportsRtl="true"
58-->src\main\AndroidManifest.xml:18:9-35
59        android:theme="@style/Theme.TaTaIPLSATA"
59-->src\main\AndroidManifest.xml:19:9-49
60        android:usesCleartextTraffic="true" >
60-->src\main\AndroidManifest.xml:20:9-44
61        <activity
61-->src\main\AndroidManifest.xml:21:9-23:40
62            android:name="com.planet.iplcricbat.Per_over"
62-->src\main\AndroidManifest.xml:22:13-58
63            android:exported="false" />
63-->src\main\AndroidManifest.xml:23:13-37
64        <activity
64-->src\main\AndroidManifest.xml:24:9-26:40
65            android:name="com.planet.iplcricbat.Open_Dashboard"
65-->src\main\AndroidManifest.xml:25:13-64
66            android:exported="false" />
66-->src\main\AndroidManifest.xml:26:13-37
67        <activity
67-->src\main\AndroidManifest.xml:27:9-29:40
68            android:name="com.planet.iplcricbat.Payment_Details"
68-->src\main\AndroidManifest.xml:28:13-65
69            android:exported="false" />
69-->src\main\AndroidManifest.xml:29:13-37
70        <activity
70-->src\main\AndroidManifest.xml:30:9-32:40
71            android:name="com.planet.iplcricbat.Payment"
71-->src\main\AndroidManifest.xml:31:13-57
72            android:exported="false" />
72-->src\main\AndroidManifest.xml:32:13-37
73        <activity
73-->src\main\AndroidManifest.xml:33:9-35:40
74            android:name="com.planet.iplcricbat.Wallet"
74-->src\main\AndroidManifest.xml:34:13-56
75            android:exported="false" />
75-->src\main\AndroidManifest.xml:35:13-37
76        <activity
76-->src\main\AndroidManifest.xml:36:9-38:40
77            android:name="com.planet.iplcricbat.Profile"
77-->src\main\AndroidManifest.xml:37:13-57
78            android:exported="false" />
78-->src\main\AndroidManifest.xml:38:13-37
79        <activity
79-->src\main\AndroidManifest.xml:39:9-41:40
80            android:name="com.planet.iplcricbat.TEAM"
80-->src\main\AndroidManifest.xml:40:13-54
81            android:exported="false" />
81-->src\main\AndroidManifest.xml:41:13-37
82        <activity
82-->src\main\AndroidManifest.xml:42:9-44:40
83            android:name="com.planet.iplcricbat.MainActivity"
83-->src\main\AndroidManifest.xml:43:13-62
84            android:exported="false" />
84-->src\main\AndroidManifest.xml:44:13-37
85        <activity
85-->src\main\AndroidManifest.xml:45:9-47:40
86            android:name="com.planet.iplcricbat.SignUp"
86-->src\main\AndroidManifest.xml:46:13-56
87            android:exported="false" />
87-->src\main\AndroidManifest.xml:47:13-37
88        <activity
88-->src\main\AndroidManifest.xml:48:9-50:40
89            android:name="com.planet.iplcricbat.Login"
89-->src\main\AndroidManifest.xml:49:13-55
90            android:exported="false" />
90-->src\main\AndroidManifest.xml:50:13-37
91        <activity
91-->src\main\AndroidManifest.xml:51:9-59:20
92            android:name="com.planet.iplcricbat.Splash_Screen"
92-->src\main\AndroidManifest.xml:52:13-63
93            android:exported="true" >
93-->src\main\AndroidManifest.xml:53:13-36
94            <intent-filter>
94-->src\main\AndroidManifest.xml:54:13-58:29
95                <action android:name="android.intent.action.MAIN" />
95-->src\main\AndroidManifest.xml:55:17-69
95-->src\main\AndroidManifest.xml:55:25-66
96
97                <category android:name="android.intent.category.LAUNCHER" />
97-->src\main\AndroidManifest.xml:57:17-77
97-->src\main\AndroidManifest.xml:57:27-74
98            </intent-filter>
99        </activity>
100
101        <meta-data
101-->src\main\AndroidManifest.xml:61:9-63:55
102            android:name="com.razorpay.ApiKey"
102-->src\main\AndroidManifest.xml:62:13-47
103            android:value="rzp_test_p82U9wOnZRzcPK" />
103-->src\main\AndroidManifest.xml:63:13-52
104
105        <provider
105-->[com.squareup.picasso:picasso:2.71828] AndroidManifest.xml:8:9-11:40
106            android:name="com.squareup.picasso.PicassoProvider"
106-->[com.squareup.picasso:picasso:2.71828] AndroidManifest.xml:9:13-64
107            android:authorities="com.planet.iplcricbat.com.squareup.picasso"
107-->[com.squareup.picasso:picasso:2.71828] AndroidManifest.xml:10:13-72
108            android:exported="false" />
108-->[com.squareup.picasso:picasso:2.71828] AndroidManifest.xml:11:13-37
109
110        <receiver
110-->[com.razorpay:checkout:1.6.19] AndroidManifest.xml:40:9-46:20
111            android:name="com.razorpay.RzpTokenReceiver"
111-->[com.razorpay:checkout:1.6.19] AndroidManifest.xml:41:13-57
112            android:exported="false" >
112-->[com.razorpay:checkout:1.6.19] AndroidManifest.xml:42:13-37
113            <intent-filter>
113-->[com.razorpay:checkout:1.6.19] AndroidManifest.xml:43:13-45:29
114                <action android:name="rzp.device_token.share" />
114-->[com.razorpay:checkout:1.6.19] AndroidManifest.xml:44:17-65
114-->[com.razorpay:checkout:1.6.19] AndroidManifest.xml:44:25-62
115            </intent-filter>
116        </receiver>
117
118        <activity
118-->[com.razorpay:checkout:1.6.19] AndroidManifest.xml:48:9-60:20
119            android:name="com.razorpay.CheckoutActivity"
119-->[com.razorpay:checkout:1.6.19] AndroidManifest.xml:49:13-57
120            android:configChanges="keyboard|keyboardHidden|orientation|screenSize"
120-->[com.razorpay:checkout:1.6.19] AndroidManifest.xml:50:13-83
121            android:exported="true"
121-->[com.razorpay:checkout:1.6.19] AndroidManifest.xml:51:13-36
122            android:theme="@style/CheckoutTheme" >
122-->[com.razorpay:checkout:1.6.19] AndroidManifest.xml:52:13-49
123            <intent-filter>
123-->[com.razorpay:checkout:1.6.19] AndroidManifest.xml:53:13-59:29
124                <action android:name="android.intent.action.MAIN" />
124-->src\main\AndroidManifest.xml:55:17-69
124-->src\main\AndroidManifest.xml:55:25-66
125
126                <data
126-->[com.razorpay:checkout:1.6.19] AndroidManifest.xml:15:13-17:38
127                    android:host="rzp.io"
128                    android:scheme="io.rzp" />
128-->[com.razorpay:checkout:1.6.19] AndroidManifest.xml:17:17-35
129            </intent-filter>
130        </activity>
131
132        <meta-data
132-->[com.razorpay:checkout:1.6.19] AndroidManifest.xml:62:9-64:58
133            android:name="com.razorpay.plugin.googlepay_all"
133-->[com.razorpay:checkout:1.6.19] AndroidManifest.xml:63:13-61
134            android:value="com.razorpay.RzpGpayMerged" />
134-->[com.razorpay:checkout:1.6.19] AndroidManifest.xml:64:13-55
135
136        <activity
136-->[com.google.android.gms:play-services-auth:17.0.0] AndroidManifest.xml:23:9-27:75
137            android:name="com.google.android.gms.auth.api.signin.internal.SignInHubActivity"
137-->[com.google.android.gms:play-services-auth:17.0.0] AndroidManifest.xml:24:13-93
138            android:excludeFromRecents="true"
138-->[com.google.android.gms:play-services-auth:17.0.0] AndroidManifest.xml:25:13-46
139            android:exported="false"
139-->[com.google.android.gms:play-services-auth:17.0.0] AndroidManifest.xml:26:13-37
140            android:theme="@android:style/Theme.Translucent.NoTitleBar" />
140-->[com.google.android.gms:play-services-auth:17.0.0] AndroidManifest.xml:27:13-72
141        <!--
142            Service handling Google Sign-In user revocation. For apps that do not integrate with
143            Google Sign-In, this service will never be started.
144        -->
145        <service
145-->[com.google.android.gms:play-services-auth:17.0.0] AndroidManifest.xml:33:9-36:110
146            android:name="com.google.android.gms.auth.api.signin.RevocationBoundService"
146-->[com.google.android.gms:play-services-auth:17.0.0] AndroidManifest.xml:34:13-89
147            android:exported="true"
147-->[com.google.android.gms:play-services-auth:17.0.0] AndroidManifest.xml:35:13-36
148            android:permission="com.google.android.gms.auth.api.signin.permission.REVOCATION_NOTIFICATION" /> <!-- Needs to be explicitly declared on P+ -->
148-->[com.google.android.gms:play-services-auth:17.0.0] AndroidManifest.xml:36:13-107
149        <uses-library
149-->[com.google.android.gms:play-services-maps:17.0.0] AndroidManifest.xml:33:9-35:40
150            android:name="org.apache.http.legacy"
150-->[com.google.android.gms:play-services-maps:17.0.0] AndroidManifest.xml:34:13-50
151            android:required="false" />
151-->[com.google.android.gms:play-services-maps:17.0.0] AndroidManifest.xml:35:13-37
152
153        <activity
153-->[com.google.android.gms:play-services-base:17.5.0] AndroidManifest.xml:23:9-26:75
154            android:name="com.google.android.gms.common.api.GoogleApiActivity"
154-->[com.google.android.gms:play-services-base:17.5.0] AndroidManifest.xml:24:13-79
155            android:exported="false"
155-->[com.google.android.gms:play-services-base:17.5.0] AndroidManifest.xml:25:13-37
156            android:theme="@android:style/Theme.Translucent.NoTitleBar" />
156-->[com.google.android.gms:play-services-base:17.5.0] AndroidManifest.xml:26:13-72
157
158        <meta-data
158-->[com.google.android.gms:play-services-basement:17.6.0] AndroidManifest.xml:23:9-25:69
159            android:name="com.google.android.gms.version"
159-->[com.google.android.gms:play-services-basement:17.6.0] AndroidManifest.xml:24:13-58
160            android:value="@integer/google_play_services_version" />
160-->[com.google.android.gms:play-services-basement:17.6.0] AndroidManifest.xml:25:13-66
161
162        <provider
162-->[androidx.emoji2:emoji2:1.0.0] AndroidManifest.xml:26:9-34:20
163            android:name="androidx.startup.InitializationProvider"
163-->[androidx.emoji2:emoji2:1.0.0] AndroidManifest.xml:27:13-67
164            android:authorities="com.planet.iplcricbat.androidx-startup"
164-->[androidx.emoji2:emoji2:1.0.0] AndroidManifest.xml:28:13-68
165            android:exported="false" >
165-->[androidx.emoji2:emoji2:1.0.0] AndroidManifest.xml:29:13-37
166            <meta-data
166-->[androidx.emoji2:emoji2:1.0.0] AndroidManifest.xml:31:13-33:52
167                android:name="androidx.emoji2.text.EmojiCompatInitializer"
167-->[androidx.emoji2:emoji2:1.0.0] AndroidManifest.xml:32:17-75
168                android:value="androidx.startup" />
168-->[androidx.emoji2:emoji2:1.0.0] AndroidManifest.xml:33:17-49
169            <meta-data
169-->[androidx.lifecycle:lifecycle-process:2.4.0] AndroidManifest.xml:31:13-33:52
170                android:name="androidx.lifecycle.ProcessLifecycleInitializer"
170-->[androidx.lifecycle:lifecycle-process:2.4.0] AndroidManifest.xml:32:17-78
171                android:value="androidx.startup" />
171-->[androidx.lifecycle:lifecycle-process:2.4.0] AndroidManifest.xml:33:17-49
172        </provider>
173    </application>
174
175</manifest>